<?xml version="1.0" encoding="UTF-8"?>
<!-- Generated by org.testng.reporters.JUnitReportReporter -->
<testsuite hostname="ASHISH_CAPS" failures="0" tests="5" name="testCases.TC_003_LoginDDT" time="44.944" errors="0" timestamp="2024-02-04T01:44:54 IST" skipped="0">
  <testcase classname="testCases.TC_003_LoginDDT" name="verify_loginDDT" time="13.087"/>
  <testcase classname="testCases.TC_003_LoginDDT" name="verify_loginDDT" time="11.568"/>
  <testcase classname="testCases.TC_003_LoginDDT" name="verify_loginDDT" time="6.042"/>
  <testcase classname="testCases.TC_003_LoginDDT" name="verify_loginDDT" time="2.634"/>
  <testcase classname="testCases.TC_003_LoginDDT" name="verify_loginDDT" time="11.613"/>
</testsuite> <!-- testCases.TC_003_LoginDDT -->
