<?xml version="1.0" encoding="UTF-8"?>
<!-- Generated by org.testng.reporters.JUnitReportReporter -->
<testsuite hostname="ASHISH_CAPS" failures="0" tests="5" name="testCases.TC_003_LoginDDT" time="44.062" errors="0" timestamp="2024-02-06T01:22:28 IST" skipped="0">
  <testcase classname="testCases.TC_003_LoginDDT" name="verify_loginDDT" time="3.534"/>
  <testcase classname="testCases.TC_003_LoginDDT" name="verify_loginDDT" time="12.019"/>
  <testcase classname="testCases.TC_003_LoginDDT" name="verify_loginDDT" time="12.772"/>
  <testcase classname="testCases.TC_003_LoginDDT" name="verify_loginDDT" time="11.967"/>
  <testcase classname="testCases.TC_003_LoginDDT" name="verify_loginDDT" time="3.770"/>
</testsuite> <!-- testCases.TC_003_LoginDDT -->
